{"J:\\namaste-react\\namaste-react\\src\\components\\Body.js": {"path":"J:\\namaste-react\\namaste-react\\src\\components\\Body.js","statementMap":{"0":{"start":{"line":10,"column":13},"end":{"line":80,"column":1}},"1":{"start":{"line":11,"column":40},"end":{"line":11,"column":52}},"2":{"start":{"line":12,"column":48},"end":{"line":12,"column":60}},"3":{"start":{"line":13,"column":40},"end":{"line":13,"column":52}},"4":{"start":{"line":15,"column":41},"end":{"line":15,"column":64}},"5":{"start":{"line":17,"column":36},"end":{"line":17,"column":65}},"6":{"start":{"line":21,"column":4},"end":{"line":24,"column":9}},"7":{"start":{"line":22,"column":8},"end":{"line":22,"column":44}},"8":{"start":{"line":23,"column":8},"end":{"line":23,"column":20}},"9":{"start":{"line":26,"column":22},"end":{"line":32,"column":5}},"10":{"start":{"line":27,"column":22},"end":{"line":27,"column":173}},"11":{"start":{"line":28,"column":23},"end":{"line":28,"column":40}},"12":{"start":{"line":29,"column":8},"end":{"line":29,"column":99}},"13":{"start":{"line":30,"column":8},"end":{"line":30,"column":103}},"14":{"start":{"line":31,"column":8},"end":{"line":31,"column":98}},"15":{"start":{"line":34,"column":25},"end":{"line":34,"column":42}},"16":{"start":{"line":36,"column":4},"end":{"line":36,"column":91}},"17":{"start":{"line":36,"column":22},"end":{"line":36,"column":91}},"18":{"start":{"line":39,"column":4},"end":{"line":79,"column":5}},"19":{"start":{"line":43,"column":146},"end":{"line":43,"column":175}},"20":{"start":{"line":47,"column":40},"end":{"line":47,"column":130}},"21":{"start":{"line":47,"column":67},"end":{"line":47,"column":129}},"22":{"start":{"line":48,"column":24},"end":{"line":48,"column":44}},"23":{"start":{"line":49,"column":24},"end":{"line":49,"column":47}},"24":{"start":{"line":50,"column":24},"end":{"line":50,"column":50}},"25":{"start":{"line":56,"column":45},"end":{"line":56,"column":90}},"26":{"start":{"line":56,"column":72},"end":{"line":56,"column":89}},"27":{"start":{"line":57,"column":24},"end":{"line":57,"column":52}},"28":{"start":{"line":62,"column":101},"end":{"line":62,"column":128}},"29":{"start":{"line":69,"column":20},"end":{"line":75,"column":27}}},"fnMap":{"0":{"name":"(anonymous_0)","decl":{"start":{"line":10,"column":13},"end":{"line":10,"column":14}},"loc":{"start":{"line":10,"column":19},"end":{"line":80,"column":1}},"line":10},"1":{"name":"(anonymous_1)","decl":{"start":{"line":21,"column":14},"end":{"line":21,"column":15}},"loc":{"start":{"line":21,"column":20},"end":{"line":24,"column":5}},"line":21},"2":{"name":"(anonymous_2)","decl":{"start":{"line":26,"column":22},"end":{"line":26,"column":23}},"loc":{"start":{"line":26,"column":34},"end":{"line":32,"column":5}},"line":26},"3":{"name":"(anonymous_3)","decl":{"start":{"line":43,"column":139},"end":{"line":43,"column":140}},"loc":{"start":{"line":43,"column":146},"end":{"line":43,"column":175}},"line":43},"4":{"name":"(anonymous_4)","decl":{"start":{"line":44,"column":86},"end":{"line":44,"column":87}},"loc":{"start":{"line":44,"column":92},"end":{"line":52,"column":21}},"line":44},"5":{"name":"(anonymous_5)","decl":{"start":{"line":47,"column":58},"end":{"line":47,"column":59}},"loc":{"start":{"line":47,"column":67},"end":{"line":47,"column":129}},"line":47},"6":{"name":"(anonymous_6)","decl":{"start":{"line":55,"column":86},"end":{"line":55,"column":87}},"loc":{"start":{"line":55,"column":92},"end":{"line":58,"column":21}},"line":55},"7":{"name":"(anonymous_7)","decl":{"start":{"line":56,"column":63},"end":{"line":56,"column":64}},"loc":{"start":{"line":56,"column":72},"end":{"line":56,"column":89}},"line":56},"8":{"name":"(anonymous_8)","decl":{"start":{"line":62,"column":94},"end":{"line":62,"column":95}},"loc":{"start":{"line":62,"column":101},"end":{"line":62,"column":128}},"line":62},"9":{"name":"(anonymous_9)","decl":{"start":{"line":67,"column":36},"end":{"line":67,"column":37}},"loc":{"start":{"line":69,"column":20},"end":{"line":75,"column":27}},"line":69}},"branchMap":{"0":{"loc":{"start":{"line":36,"column":4},"end":{"line":36,"column":91}},"type":"if","locations":[{"start":{"line":36,"column":4},"end":{"line":36,"column":91}},{"start":{},"end":{}}],"line":36},"1":{"loc":{"start":{"line":39,"column":11},"end":{"line":79,"column":5}},"type":"cond-expr","locations":[{"start":{"line":39,"column":37},"end":{"line":39,"column":48}},{"start":{"line":40,"column":8},"end":{"line":78,"column":14}}],"line":39},"2":{"loc":{"start":{"line":73,"column":26},"end":{"line":73,"column":148}},"type":"cond-expr","locations":[{"start":{"line":73,"column":66},"end":{"line":73,"column":101}},{"start":{"line":73,"column":104},"end":{"line":73,"column":148}}],"line":73}},"s":{"0":1,"1":4,"2":4,"3":4,"4":4,"5":4,"6":4,"7":1,"8":1,"9":4,"10":1,"11":1,"12":1,"13":1,"14":1,"15":4,"16":4,"17":0,"18":4,"19":1,"20":1,"21":20,"22":1,"23":1,"24":1,"25":0,"26":0,"27":0,"28":0,"29":41},"f":{"0":4,"1":1,"2":1,"3":1,"4":1,"5":20,"6":0,"7":0,"8":0,"9":41},"b":{"0":[0,4],"1":[1,3],"2":[0,41]},"_coverageSchema":"1a1c01bbd47fc00a2c39e90264f33305004495a9","hash":"44b5b3015c4d165920818aceafa70871f6e80619"}
,"J:\\namaste-react\\namaste-react\\src\\components\\Contact.js": {"path":"J:\\namaste-react\\namaste-react\\src\\components\\Contact.js","statementMap":{"0":{"start":{"line":3,"column":16},"end":{"line":16,"column":1}},"1":{"start":{"line":4,"column":2},"end":{"line":15,"column":3}}},"fnMap":{"0":{"name":"(anonymous_0)","decl":{"start":{"line":3,"column":16},"end":{"line":3,"column":17}},"loc":{"start":{"line":3,"column":22},"end":{"line":16,"column":1}},"line":3}},"branchMap":{},"s":{"0":1,"1":0},"f":{"0":0},"b":{},"_coverageSchema":"1a1c01bbd47fc00a2c39e90264f33305004495a9","hash":"313755b3ca0ecafd19bfe9d8229a2fafe3dcc19b"}
,"J:\\namaste-react\\namaste-react\\src\\components\\Header.js": {"path":"J:\\namaste-react\\namaste-react\\src\\components\\Header.js","statementMap":{"0":{"start":{"line":8,"column":15},"end":{"line":66,"column":1}},"1":{"start":{"line":9,"column":34},"end":{"line":9,"column":51}},"2":{"start":{"line":14,"column":25},"end":{"line":14,"column":42}},"3":{"start":{"line":16,"column":27},"end":{"line":16,"column":50}},"4":{"start":{"line":20,"column":22},"end":{"line":20,"column":62}},"5":{"start":{"line":20,"column":45},"end":{"line":20,"column":61}},"6":{"start":{"line":22,"column":4},"end":{"line":24,"column":16}},"7":{"start":{"line":25,"column":4},"end":{"line":65,"column":5}},"8":{"start":{"line":60,"column":63},"end":{"line":60,"column":127}}},"fnMap":{"0":{"name":"(anonymous_0)","decl":{"start":{"line":8,"column":15},"end":{"line":8,"column":16}},"loc":{"start":{"line":8,"column":21},"end":{"line":66,"column":1}},"line":8},"1":{"name":"(anonymous_1)","decl":{"start":{"line":20,"column":34},"end":{"line":20,"column":35}},"loc":{"start":{"line":20,"column":45},"end":{"line":20,"column":61}},"line":20},"2":{"name":"(anonymous_2)","decl":{"start":{"line":22,"column":14},"end":{"line":22,"column":15}},"loc":{"start":{"line":22,"column":20},"end":{"line":24,"column":5}},"line":22},"3":{"name":"(anonymous_3)","decl":{"start":{"line":60,"column":56},"end":{"line":60,"column":57}},"loc":{"start":{"line":60,"column":62},"end":{"line":60,"column":128}},"line":60}},"branchMap":{"0":{"loc":{"start":{"line":33,"column":37},"end":{"line":33,"column":67}},"type":"cond-expr","locations":[{"start":{"line":33,"column":52},"end":{"line":33,"column":59}},{"start":{"line":33,"column":62},"end":{"line":33,"column":67}}],"line":33},"1":{"loc":{"start":{"line":60,"column":63},"end":{"line":60,"column":127}},"type":"cond-expr","locations":[{"start":{"line":60,"column":85},"end":{"line":60,"column":105}},{"start":{"line":60,"column":108},"end":{"line":60,"column":127}}],"line":60}},"s":{"0":1,"1":2,"2":2,"3":2,"4":2,"5":3,"6":2,"7":2,"8":1},"f":{"0":2,"1":3,"2":2,"3":1},"b":{"0":[2,0],"1":[1,0]},"_coverageSchema":"1a1c01bbd47fc00a2c39e90264f33305004495a9","hash":"842f4a674ca5e8e0c2d05309001463d4e8553fea"}
,"J:\\namaste-react\\namaste-react\\src\\components\\RestaurantCard.js": {"path":"J:\\namaste-react\\namaste-react\\src\\components\\RestaurantCard.js","statementMap":{"0":{"start":{"line":4,"column":24},"end":{"line":25,"column":1}},"1":{"start":{"line":6,"column":27},"end":{"line":6,"column":50}},"2":{"start":{"line":8,"column":19},"end":{"line":8,"column":24}},"3":{"start":{"line":9,"column":4},"end":{"line":24,"column":5}},"4":{"start":{"line":31,"column":29},"end":{"line":40,"column":1}},"5":{"start":{"line":32,"column":4},"end":{"line":39,"column":5}},"6":{"start":{"line":33,"column":8},"end":{"line":38,"column":9}}},"fnMap":{"0":{"name":"(anonymous_0)","decl":{"start":{"line":4,"column":24},"end":{"line":4,"column":25}},"loc":{"start":{"line":4,"column":35},"end":{"line":25,"column":1}},"line":4},"1":{"name":"(anonymous_1)","decl":{"start":{"line":31,"column":29},"end":{"line":31,"column":30}},"loc":{"start":{"line":31,"column":49},"end":{"line":40,"column":1}},"line":31},"2":{"name":"(anonymous_2)","decl":{"start":{"line":32,"column":11},"end":{"line":32,"column":12}},"loc":{"start":{"line":32,"column":22},"end":{"line":39,"column":5}},"line":32}},"branchMap":{},"s":{"0":2,"1":43,"2":43,"3":43,"4":2,"5":5,"6":42},"f":{"0":43,"1":5,"2":42},"b":{},"_coverageSchema":"1a1c01bbd47fc00a2c39e90264f33305004495a9","hash":"56bc2ced1fdd3282c895508d0756499f09b90420"}
,"J:\\namaste-react\\namaste-react\\src\\utils\\appStore.js": {"path":"J:\\namaste-react\\namaste-react\\src\\utils\\appStore.js","statementMap":{"0":{"start":{"line":4,"column":17},"end":{"line":8,"column":2}}},"fnMap":{},"branchMap":{},"s":{"0":1},"f":{},"b":{},"_coverageSchema":"1a1c01bbd47fc00a2c39e90264f33305004495a9","hash":"a135d459f2236a131735af4d4b6ae0d34ec2394c"}
}
