TN:
SF:src\components\Body.js
FN:10,(anonymous_0)
FN:21,(anonymous_1)
FN:26,(anonymous_2)
FN:43,(anonymous_3)
FN:44,(anonymous_4)
FN:47,(anonymous_5)
FN:55,(anonymous_6)
FN:56,(anonymous_7)
FN:62,(anonymous_8)
FN:67,(anonymous_9)
FNF:10
FNH:7
FNDA:4,(anonymous_0)
FNDA:1,(anonymous_1)
FNDA:1,(anonymous_2)
FNDA:1,(anonymous_3)
FNDA:1,(anonymous_4)
FNDA:20,(anonymous_5)
FNDA:0,(anonymous_6)
FNDA:0,(anonymous_7)
FNDA:0,(anonymous_8)
FNDA:41,(anonymous_9)
DA:10,1
DA:11,4
DA:12,4
DA:13,4
DA:15,4
DA:17,4
DA:21,4
DA:22,1
DA:23,1
DA:26,4
DA:27,1
DA:28,1
DA:29,1
DA:30,1
DA:31,1
DA:34,4
DA:36,4
DA:39,4
DA:43,1
DA:47,20
DA:48,1
DA:49,1
DA:50,1
DA:56,0
DA:57,0
DA:62,0
DA:69,41
LF:27
LH:24
BRDA:36,0,0,0
BRDA:36,0,1,4
BRDA:39,1,0,1
BRDA:39,1,1,3
BRDA:73,2,0,0
BRDA:73,2,1,41
BRF:6
BRH:4
end_of_record
TN:
SF:src\components\Contact.js
FN:3,(anonymous_0)
FNF:1
FNH:0
FNDA:0,(anonymous_0)
DA:3,1
DA:4,0
LF:2
LH:1
BRF:0
BRH:0
end_of_record
TN:
SF:src\components\Header.js
FN:8,(anonymous_0)
FN:20,(anonymous_1)
FN:22,(anonymous_2)
FN:60,(anonymous_3)
FNF:4
FNH:4
FNDA:2,(anonymous_0)
FNDA:3,(anonymous_1)
FNDA:2,(anonymous_2)
FNDA:1,(anonymous_3)
DA:8,1
DA:9,2
DA:14,2
DA:16,2
DA:20,3
DA:22,2
DA:25,2
DA:60,1
LF:8
LH:8
BRDA:33,0,0,2
BRDA:33,0,1,0
BRDA:60,1,0,1
BRDA:60,1,1,0
BRF:4
BRH:2
end_of_record
TN:
SF:src\components\RestaurantCard.js
FN:4,(anonymous_0)
FN:31,(anonymous_1)
FN:32,(anonymous_2)
FNF:3
FNH:3
FNDA:43,(anonymous_0)
FNDA:5,(anonymous_1)
FNDA:42,(anonymous_2)
DA:4,2
DA:6,43
DA:8,43
DA:9,43
DA:31,2
DA:32,5
DA:33,42
LF:7
LH:7
BRF:0
BRH:0
end_of_record
TN:
SF:src\utils\appStore.js
FNF:0
FNH:0
DA:4,1
LF:1
LH:1
BRF:0
BRH:0
end_of_record
